<?xml version="1.0" encoding="UTF-8"?>
<!-- Generated by org.testng.reporters.JUnitXMLReporter -->
<testsuite ignored="2" hostname="asaqapc" failures="0" tests="1" name="Default test" time="14.227" errors="0" timestamp="2026-03-08T22:41:24 EET">
  <testcase classname="sumayaMobile.myTestCases" name="PressonlyOnOddNumbers" time="6.116"/>
  <testcase classname="sumayaMobile.myTestCases" name="PressonlyOnNumbers" time="0.0">
    <ignored/>
  </testcase> <!-- PressonlyOnNumbers -->
  <testcase classname="sumayaMobile.myTestCases" name="test1" time="0.0">
    <ignored/>
  </testcase> <!-- test1 -->
</testsuite> <!-- Default test -->
