<?xml version="1.0" encoding="UTF-8"?>
<testng-results ignored="2" total="3" passed="1" failed="0" skipped="0">
  <reporter-output>
  </reporter-output>
  <suite started-at="2026-03-08T22:41:10 EET" name="Default suite" finished-at="2026-03-08T22:41:24 EET" duration-ms="14227">
    <groups>
    </groups>
    <test started-at="2026-03-08T22:41:10 EET" name="Default test" finished-at="2026-03-08T22:41:24 EET" duration-ms="14227">
      <class name="sumayaMobile.myTestCases">
        <test-method is-config="true" signature="mySetup()[pri:0, instance:sumayaMobile.myTestCases@5aa9e4eb]" started-at="2026-03-08T22:41:10 EET" name="mySetup" finished-at="2026-03-08T22:41:10 EET" duration-ms="14" status="PASS">
          <reporter-output>
          </reporter-output>
        </test-method> <!-- mySetup -->
        <test-method is-config="true" signature="helloBefore()[pri:0, instance:sumayaMobile.myTestCases@5aa9e4eb]" started-at="2026-03-08T22:41:10 EET" name="helloBefore" finished-at="2026-03-08T22:41:18 EET" duration-ms="8052" status="PASS">
          <reporter-output>
          </reporter-output>
        </test-method> <!-- helloBefore -->
        <test-method signature="PressonlyOnOddNumbers()[pri:0, instance:sumayaMobile.myTestCases@5aa9e4eb]" started-at="2026-03-08T22:41:18 EET" name="PressonlyOnOddNumbers" finished-at="2026-03-08T22:41:24 EET" duration-ms="6116" status="PASS">
          <reporter-output>
          </reporter-output>
        </test-method> <!-- PressonlyOnOddNumbers -->
      </class> <!-- sumayaMobile.myTestCases -->
    </test> <!-- Default test -->
  </suite> <!-- Default suite -->
</testng-results>
