<?xml version="1.0" encoding="UTF-8"?>
<!-- Generated by org.testng.reporters.JUnitReportReporter -->
<testsuite hostname="asaqapc" failures="0" tests="3" name="sumayaMobile.myTestCases" time="14.168" errors="0" timestamp="2026-03-08T22:41:24 EET" skipped="2">
  <testcase classname="sumayaMobile.myTestCases" name="PressonlyOnOddNumbers" time="14.168"/>
  <testcase classname="sumayaMobile.myTestCases" name="PressonlyOnNumbers">
    <skipped/>
  </testcase> <!-- PressonlyOnNumbers -->
  <testcase classname="sumayaMobile.myTestCases" name="test1">
    <skipped/>
  </testcase> <!-- test1 -->
</testsuite> <!-- sumayaMobile.myTestCases -->
